=================================================
FastCopy(ver3.2.5.36 (Admin)) 开始于 2016/11/06 23:04:41

<来源> E:\TDDOWNLOAD\东方Project\[th14] 东方辉针城 (汉化版+日文版).rar
<目标> H:\
<命令> 差分复制（大小/日期）
-------------------------------------------------
没有错误

总计读取 = 379 MB
总计写入 = 379 MB
总计文件 = 1 (0)
总计时间 = 29.9 秒
传输速率 = 12.7 MB/秒
文件速率 = 0.03 文件/秒

结果 : (错误文件 : 0 / 错误目录 : 0)

=================================================
FastCopy(ver3.2.5.36 (Admin)) 开始于 2016/11/06 23:05:32

<来源> E:\TDDOWNLOAD\东方Project\[th14] 东方辉针城 (汉化版+日文版).rar
<目标> D:\
<命令> 差分复制（大小/日期）
-------------------------------------------------
没有错误

总计读取 = 379 MB
总计写入 = 379 MB
总计文件 = 1 (0)
总计时间 = 11.9 秒
传输速率 = 31.9 MB/秒
文件速率 = 0.08 文件/秒

结果 : (错误文件 : 0 / 错误目录 : 0)

=================================================
FastCopy(ver3.2.5.36 (Admin)) 开始于 2016/11/06 23:07:24

<来源> E:\TDDOWNLOAD\东方Project\[th14] 东方辉针城 (汉化版+日文版).rar
<目标> D:\
<命令> 差分复制（大小/日期）
-------------------------------------------------
没有错误

总计读取 = 379 MB
总计写入 = 379 MB
总计文件 = 1 (0)
总计时间 = 12.0 秒
传输速率 = 31.7 MB/秒
文件速率 = 0.08 文件/秒

结果 : (错误文件 : 0 / 错误目录 : 0)

=================================================
FastCopy(ver3.2.5.36 (Admin)) 开始于 2016/11/06 23:12:51

<来源> E:\TDDOWNLOAD\东方Project\[th14] 东方辉针城 (汉化版+日文版).rar
<目标> D:\
<命令> 差分复制（大小/日期）
-------------------------------------------------
用户取消

总计读取 = 153 MB
总计写入 = 127 MB
总计文件 = 0 (0)
总计时间 = 4.5 秒
传输速率 = 28.1 MB/秒
文件速率 = 0.00 文件/秒

结果 : (错误文件 : 2 / 错误目录 : 0)

=================================================
FastCopy(ver3.2.5.36 (Admin)) 开始于 2016/11/14 13:14:59

<来源> E:\TDDOWNLOAD\东方Project\[th14] 东方辉针城 (汉化版+日文版).rar
<目标> H:\
<命令> 差分复制（大小/日期）
-------------------------------------------------
没有错误

总计读取 = 379 MB
总计写入 = 379 MB
总计文件 = 1 (0)
总计时间 = 17.9 秒
传输速率 = 21.2 MB/秒
文件速率 = 0.06 文件/秒

结果 : (错误文件 : 0 / 错误目录 : 0)

=================================================
FastCopy(ver3.2.5.36 (Admin)) 开始于 2016/11/14 13:20:46

<来源> E:\TDDOWNLOAD\东方Project\[th143] 弹幕天邪鬼 (汉化版+日文版).rar
<目标> H:\
<命令> 差分复制（大小/日期）
-------------------------------------------------
没有错误

总计读取 = 214 MB
总计写入 = 214 MB
总计文件 = 1 (0)
总计时间 = 10.0 秒
传输速率 = 21.4 MB/秒
文件速率 = 0.10 文件/秒

结果 : (错误文件 : 0 / 错误目录 : 0)

=================================================
FastCopy(ver3.2.5.36 (Admin)) 开始于 2016/11/16 10:16:14

<来源> J:\grldr; J:\grldr.mbr; J:\initrd.lz; J:\kali-linux-1.1.0a-i386.iso; J:\menu.lst; J:\vmlinuz
<目标> H:\
<命令> 差分复制（大小/日期） (附加： 校验)
-------------------------------------------------
没有错误

总计读取 = 3,054 MB
总计写入 = 3,054 MB
总计文件 = 6 (0)
总计时间 = 04:26
传输速率 = 11.5 MB/秒
文件速率 = 0.02 文件/秒
校验读取 = 3,054 MB
校验文件 = 6

结果 : (错误文件 : 0 / 错误目录 : 0)

=================================================
FastCopy(ver3.2.5.36 (Admin)) 开始于 2016/11/16 10:21:12

<来源> J:\grldr; J:\grldr.mbr; J:\initrd.lz; J:\kali-linux-1.1.0a-i386.iso; J:\menu.lst; J:\vmlinuz
<目标> H:\
<命令> 差分复制（大小/日期） (附加： 校验)
-------------------------------------------------
没有错误

总计读取 = 0.0 MB
总计写入 = 0.0 MB
总计文件 = 0 (0)
总计跳过 = 3,054 MB
跳过文件 = 6 (0)
总计时间 = 0.0 秒
传输速率 = 0.00 MB/秒
文件速率 = 0.00 文件/秒
校验读取 = 0.0 MB
校验文件 = 0

结果 : (错误文件 : 0 / 错误目录 : 0)

=================================================
FastCopy(ver3.2.5.36 (Admin)) 开始于 2016/11/16 11:41:25

<来源> E:\TDDOWNLOAD\东方Project\[th135] 东方心绮楼 (汉化版+日文版).rar
<目标> A:\
<命令> 差分复制（大小/日期）
-------------------------------------------------
没有错误

总计读取 = 390 MB
总计写入 = 390 MB
总计文件 = 1 (0)
总计时间 = 24.8 秒
传输速率 = 15.7 MB/秒
文件速率 = 0.04 文件/秒

结果 : (错误文件 : 0 / 错误目录 : 0)

